<?xml version="1.0" encoding="UTF-8"?>
<testng-results ignored="0" total="1" passed="1" failed="0" skipped="0">
  <reporter-output>
  </reporter-output>
  <suite started-at="2022-12-16T13:19:08 IST" name="Default suite" finished-at="2022-12-16T13:19:53 IST" duration-ms="45142">
    <groups>
    </groups>
    <test started-at="2022-12-16T13:19:08 IST" name="Default test" finished-at="2022-12-16T13:19:53 IST" duration-ms="45142">
      <class name="com.ecommerce.adminlogin.EditMerchantDetailsTest">
        <test-method is-config="true" signature="classSetUp()[pri:0, instance:com.ecommerce.adminlogin.EditMerchantDetailsTest@3f6b0be5]" started-at="2022-12-16T13:19:08 IST" name="classSetUp" finished-at="2022-12-16T13:19:48 IST" duration-ms="39393" status="PASS">
          <reporter-output>
          </reporter-output>
        </test-method> <!-- classSetUp -->
        <test-method is-config="true" signature="methodSetUP()[pri:0, instance:com.ecommerce.adminlogin.EditMerchantDetailsTest@3f6b0be5]" started-at="2022-12-16T13:19:48 IST" name="methodSetUP" finished-at="2022-12-16T13:19:49 IST" duration-ms="1268" status="PASS">
          <reporter-output>
          </reporter-output>
        </test-method> <!-- methodSetUP -->
        <test-method signature="editmercnt()[pri:0, instance:com.ecommerce.adminlogin.EditMerchantDetailsTest@3f6b0be5]" started-at="2022-12-16T13:19:49 IST" name="editmercnt" finished-at="2022-12-16T13:19:53 IST" duration-ms="3928" status="PASS">
          <reporter-output>
          </reporter-output>
        </test-method> <!-- editmercnt -->
        <test-method is-config="true" signature="methodTearDown()[pri:0, instance:com.ecommerce.adminlogin.EditMerchantDetailsTest@3f6b0be5]" started-at="2022-12-16T13:19:53 IST" name="methodTearDown" finished-at="2022-12-16T13:19:53 IST" duration-ms="487" status="PASS">
          <reporter-output>
          </reporter-output>
        </test-method> <!-- methodTearDown -->
      </class> <!-- com.ecommerce.adminlogin.EditMerchantDetailsTest -->
    </test> <!-- Default test -->
  </suite> <!-- Default suite -->
</testng-results>
